{"uid":"35b42a34d456e1ab","name":"Ввод в поле \"Контактное лицо\" длинное имя","fullName":"tests.desktop.FourTest.businessCreditFalseLongI","historyId":"767ccb9b5112dd437669286a64484580","time":{"start":1685026474748,"stop":1685026515128,"duration":40380},"description":"","status":"failed","statusMessage":"Element should be visible {By.xpath: //a [@ href='/malomu-biznesu/raschetny-schet/']}\nElement: 'Ups, failed to described the element [caused by: StaleElementReferenceException: stale element reference: stale element not found]'\nScreenshot: file:/home/runner/work/Final_work_Web/Final_work_Web/build/reports/tests/1685026509185.6.png\nPage source: file:/home/runner/work/Final_work_Web/Final_work_Web/build/reports/tests/1685026509185.6.html\nTimeout: 4 s.\nCaused by: StaleElementReferenceException: stale element reference: stale element not found","statusTrace":"Element should be visible {By.xpath: //a [@ href='/malomu-biznesu/raschetny-schet/']}\nElement: 'Ups, failed to described the element [caused by: StaleElementReferenceException: stale element reference: stale element not found]'\nScreenshot: file:/home/runner/work/Final_work_Web/Final_work_Web/build/reports/tests/1685026509185.6.png\nPage source: file:/home/runner/work/Final_work_Web/Final_work_Web/build/reports/tests/1685026509185.6.html\nTimeout: 4 s.\nCaused by: StaleElementReferenceException: stale element reference: stale element not found\n\tat com.codeborne.selenide.impl.WebElementSource.checkConditionAndReturnElement(WebElementSource.java:135)\n\tat com.codeborne.selenide.impl.WebElementSource.checkCondition(WebElementSource.java:98)\n\tat com.codeborne.selenide.commands.Should.execute(Should.java:30)\n\tat com.codeborne.selenide.commands.Should.execute(Should.java:14)\n\tat com.codeborne.selenide.commands.Commands.execute(Commands.java:155)\n\tat com.codeborne.selenide.impl.SelenideElementProxy.dispatchAndRetry(SelenideElementProxy.java:129)\n\tat com.codeborne.selenide.impl.SelenideElementProxy.invoke(SelenideElementProxy.java:81)\n\tat com.sun.proxy.$Proxy26.shouldBe(Unknown Source)\n\tat pages.desktop.BusinessPage.clickPaymentAccount(BusinessPage.java:14)\n\tat tests.desktop.FourTest.businessCreditFalseLongI(FourTest.java:172)\n\tat java.base/jdk.internal.reflect.NativeMethodAccessorImpl.invoke0(Native Method)\n\tat java.base/jdk.internal.reflect.NativeMethodAccessorImpl.invoke(NativeMethodAccessorImpl.java:62)\n\tat java.base/jdk.internal.reflect.DelegatingMethodAccessorImpl.invoke(DelegatingMethodAccessorImpl.java:43)\n\tat java.base/java.lang.reflect.Method.invoke(Method.java:566)\n\tat org.junit.platform.commons.util.ReflectionUtils.invokeMethod(ReflectionUtils.java:727)\n\tat org.junit.jupiter.engine.execution.MethodInvocation.proceed(MethodInvocation.java:60)\n\tat org.junit.jupiter.engine.execution.InvocationInterceptorChain$ValidatingInvocation.proceed(InvocationInterceptorChain.java:131)\n\tat org.junit.jupiter.api.extension.InvocationInterceptor.interceptTestMethod(InvocationInterceptor.java:118)\n\tat org.junit.jupiter.engine.execution.InterceptingExecutableInvoker$ReflectiveInterceptorCall.lambda$ofVoidMethod$0(InterceptingExecutableInvoker.java:103)\n\tat org.junit.jupiter.engine.execution.InterceptingExecutableInvoker.lambda$invoke$0(InterceptingExecutableInvoker.java:93)\n\tat org.junit.jupiter.engine.execution.InvocationInterceptorChain$InterceptedInvocation.proceed(InvocationInterceptorChain.java:106)\n\tat org.junit.jupiter.engine.extension.TimeoutExtension.intercept(TimeoutExtension.java:156)\n\tat org.junit.jupiter.engine.extension.TimeoutExtension.interceptTestableMethod(TimeoutExtension.java:147)\n\tat org.junit.jupiter.engine.extension.TimeoutExtension.interceptTestMethod(TimeoutExtension.java:86)\n\tat org.junit.jupiter.engine.execution.InterceptingExecutableInvoker$ReflectiveInterceptorCall.lambda$ofVoidMethod$0(InterceptingExecutableInvoker.java:103)\n\tat org.junit.jupiter.engine.execution.InterceptingExecutableInvoker.lambda$invoke$0(InterceptingExecutableInvoker.java:93)\n\tat org.junit.jupiter.engine.execution.InvocationInterceptorChain$InterceptedInvocation.proceed(InvocationInterceptorChain.java:106)\n\tat org.junit.jupiter.engine.execution.InvocationInterceptorChain.proceed(InvocationInterceptorChain.java:64)\n\tat org.junit.jupiter.engine.execution.InvocationInterceptorChain.chainAndInvoke(InvocationInterceptorChain.java:45)\n\tat org.junit.jupiter.engine.execution.InvocationInterceptorChain.invoke(InvocationInterceptorChain.java:37)\n\tat org.junit.jupiter.engine.execution.InterceptingExecutableInvoker.invoke(InterceptingExecutableInvoker.java:92)\n\tat org.junit.jupiter.engine.execution.InterceptingExecutableInvoker.invoke(InterceptingExecutableInvoker.java:86)\n\tat org.junit.jupiter.engine.descriptor.TestMethodTestDescriptor.lambda$invokeTestMethod$7(TestMethodTestDescriptor.java:217)\n\tat org.junit.platform.engine.support.hierarchical.ThrowableCollector.execute(ThrowableCollector.java:73)\n\tat org.junit.jupiter.engine.descriptor.TestMethodTestDescriptor.invokeTestMethod(TestMethodTestDescriptor.java:213)\n\tat org.junit.jupiter.engine.descriptor.TestMethodTestDescriptor.execute(TestMethodTestDescriptor.java:138)\n\tat org.junit.jupiter.engine.descriptor.TestMethodTestDescriptor.execute(TestMethodTestDescriptor.java:68)\n\tat org.junit.platform.engine.support.hierarchical.NodeTestTask.lambda$executeRecursively$6(NodeTestTask.java:151)\n\tat org.junit.platform.engine.support.hierarchical.ThrowableCollector.execute(ThrowableCollector.java:73)\n\tat org.junit.platform.engine.support.hierarchical.NodeTestTask.lambda$executeRecursively$8(NodeTestTask.java:141)\n\tat org.junit.platform.engine.support.hierarchical.Node.around(Node.java:137)\n\tat org.junit.platform.engine.support.hierarchical.NodeTestTask.lambda$executeRecursively$9(NodeTestTask.java:139)\n\tat org.junit.platform.engine.support.hierarchical.ThrowableCollector.execute(ThrowableCollector.java:73)\n\tat org.junit.platform.engine.support.hierarchical.NodeTestTask.executeRecursively(NodeTestTask.java:138)\n\tat org.junit.platform.engine.support.hierarchical.NodeTestTask.execute(NodeTestTask.java:95)\n\tat org.junit.platform.engine.support.hierarchical.ForkJoinPoolHierarchicalTestExecutorService$ExclusiveTask.compute(ForkJoinPoolHierarchicalTestExecutorService.java:202)\n\tat java.base/java.util.concurrent.RecursiveAction.exec(RecursiveAction.java:189)\n\tat java.base/java.util.concurrent.ForkJoinTask.doExec(ForkJoinTask.java:290)\n\tat java.base/java.util.concurrent.ForkJoinPool$WorkQueue.topLevelExec(ForkJoinPool.java:1020)\n\tat java.base/java.util.concurrent.ForkJoinPool.scan(ForkJoinPool.java:1656)\n\tat java.base/java.util.concurrent.ForkJoinPool.runWorker(ForkJoinPool.java:1594)\n\tat java.base/java.util.concurrent.ForkJoinWorkerThread.run(ForkJoinWorkerThread.java:183)\nCaused by: org.openqa.selenium.StaleElementReferenceException: stale element reference: stale element not found\n  (Session info: headless chrome=113.0.5672.63)\nFor documentation on this error, please visit: https://selenium.dev/exceptions/#stale_element_reference\nBuild info: version: '4.9.0', revision: 'd7057100a6'\nSystem info: os.name: 'Linux', os.arch: 'amd64', os.version: '5.15.0-1037-azure', java.version: '11.0.19'\nDriver info: org.openqa.selenium.chrome.ChromeDriver\nCommand: [c1dc0d12fa0036f048fa0f6744d6ae75, isElementDisplayed {id=6D5EBF5CC4E312F9207AB8C10E7A7A12_element_34}]\nCapabilities {acceptInsecureCerts: true, browserName: chrome, browserVersion: 113.0.5672.63, chrome: {chromedriverVersion: 113.0.5672.63 (0e1a4471d5ae..., userDataDir: /tmp/.com.google.Chrome.GFw43X}, goog:chromeOptions: {debuggerAddress: localhost:44393}, networkConnectionEnabled: false, pageLoadStrategy: eager, platformName: LINUX, proxy: Proxy(), se:cdp: ws://localhost:44393/devtoo..., se:cdpVersion: 113.0.5672.63, setWindowRect: true, strictFileInteractability: false, timeouts: {implicit: 0, pageLoad: 300000, script: 30000}, unhandledPromptBehavior: accept, webauthn:extension:credBlob: true, webauthn:extension:largeBlob: true, webauthn:extension:minPinLength: true, webauthn:extension:prf: true, webauthn:virtualAuthenticators: true}\nElement: [[ChromeDriver: chrome on LINUX (c1dc0d12fa0036f048fa0f6744d6ae75)] -> xpath: //a [@ href='/malomu-biznesu/raschetny-schet/']]\nSession ID: c1dc0d12fa0036f048fa0f6744d6ae75\n\tat java.base/jdk.internal.reflect.NativeConstructorAccessorImpl.newInstance0(Native Method)\n\tat java.base/jdk.internal.reflect.NativeConstructorAccessorImpl.newInstance(NativeConstructorAccessorImpl.java:62)\n\tat java.base/jdk.internal.reflect.DelegatingConstructorAccessorImpl.newInstance(DelegatingConstructorAccessorImpl.java:45)\n\tat java.base/java.lang.reflect.Constructor.newInstance(Constructor.java:490)\n\tat org.openqa.selenium.remote.codec.w3c.W3CHttpResponseCodec.createException(W3CHttpResponseCodec.java:200)\n\tat org.openqa.selenium.remote.codec.w3c.W3CHttpResponseCodec.decode(W3CHttpResponseCodec.java:133)\n\tat org.openqa.selenium.remote.codec.w3c.W3CHttpResponseCodec.decode(W3CHttpResponseCodec.java:53)\n\tat org.openqa.selenium.remote.HttpCommandExecutor.execute(HttpCommandExecutor.java:193)\n\tat org.openqa.selenium.remote.service.DriverCommandExecutor.invokeExecute(DriverCommandExecutor.java:183)\n\tat org.openqa.selenium.remote.service.DriverCommandExecutor.execute(DriverCommandExecutor.java:158)\n\tat org.openqa.selenium.remote.RemoteWebDriver.execute(RemoteWebDriver.java:543)\n\tat org.openqa.selenium.remote.RemoteWebElement.execute(RemoteWebElement.java:257)\n\tat org.openqa.selenium.remote.RemoteWebElement.isDisplayed(RemoteWebElement.java:313)\n\tat com.codeborne.selenide.conditions.Visible.check(Visible.java:21)\n\tat com.codeborne.selenide.impl.WebElementSource.checkConditionAndReturnElement(WebElementSource.java:111)\n\t... 51 more\n","flaky":false,"newFailed":false,"newBroken":false,"newPassed":false,"retriesCount":0,"retriesStatusChange":false,"beforeStages":[{"name":"setUp","time":{"start":1685026474748,"stop":1685026474779,"duration":31},"status":"passed","steps":[],"attachments":[],"parameters":[],"attachmentsCount":0,"shouldDisplayMessage":false,"hasContent":false,"stepsCount":0}],"testStage":{"description":"","status":"failed","statusMessage":"Element should be visible {By.xpath: //a [@ href='/malomu-biznesu/raschetny-schet/']}\nElement: 'Ups, failed to described the element [caused by: StaleElementReferenceException: stale element reference: stale element not found]'\nScreenshot: file:/home/runner/work/Final_work_Web/Final_work_Web/build/reports/tests/1685026509185.6.png\nPage source: file:/home/runner/work/Final_work_Web/Final_work_Web/build/reports/tests/1685026509185.6.html\nTimeout: 4 s.\nCaused by: StaleElementReferenceException: stale element reference: stale element not found","statusTrace":"Element should be visible {By.xpath: //a [@ href='/malomu-biznesu/raschetny-schet/']}\nElement: 'Ups, failed to described the element [caused by: StaleElementReferenceException: stale element reference: stale element not found]'\nScreenshot: file:/home/runner/work/Final_work_Web/Final_work_Web/build/reports/tests/1685026509185.6.png\nPage source: file:/home/runner/work/Final_work_Web/Final_work_Web/build/reports/tests/1685026509185.6.html\nTimeout: 4 s.\nCaused by: StaleElementReferenceException: stale element reference: stale element not found\n\tat com.codeborne.selenide.impl.WebElementSource.checkConditionAndReturnElement(WebElementSource.java:135)\n\tat com.codeborne.selenide.impl.WebElementSource.checkCondition(WebElementSource.java:98)\n\tat com.codeborne.selenide.commands.Should.execute(Should.java:30)\n\tat com.codeborne.selenide.commands.Should.execute(Should.java:14)\n\tat com.codeborne.selenide.commands.Commands.execute(Commands.java:155)\n\tat com.codeborne.selenide.impl.SelenideElementProxy.dispatchAndRetry(SelenideElementProxy.java:129)\n\tat com.codeborne.selenide.impl.SelenideElementProxy.invoke(SelenideElementProxy.java:81)\n\tat com.sun.proxy.$Proxy26.shouldBe(Unknown Source)\n\tat pages.desktop.BusinessPage.clickPaymentAccount(BusinessPage.java:14)\n\tat tests.desktop.FourTest.businessCreditFalseLongI(FourTest.java:172)\n\tat java.base/jdk.internal.reflect.NativeMethodAccessorImpl.invoke0(Native Method)\n\tat java.base/jdk.internal.reflect.NativeMethodAccessorImpl.invoke(NativeMethodAccessorImpl.java:62)\n\tat java.base/jdk.internal.reflect.DelegatingMethodAccessorImpl.invoke(DelegatingMethodAccessorImpl.java:43)\n\tat java.base/java.lang.reflect.Method.invoke(Method.java:566)\n\tat org.junit.platform.commons.util.ReflectionUtils.invokeMethod(ReflectionUtils.java:727)\n\tat org.junit.jupiter.engine.execution.MethodInvocation.proceed(MethodInvocation.java:60)\n\tat org.junit.jupiter.engine.execution.InvocationInterceptorChain$ValidatingInvocation.proceed(InvocationInterceptorChain.java:131)\n\tat org.junit.jupiter.api.extension.InvocationInterceptor.interceptTestMethod(InvocationInterceptor.java:118)\n\tat org.junit.jupiter.engine.execution.InterceptingExecutableInvoker$ReflectiveInterceptorCall.lambda$ofVoidMethod$0(InterceptingExecutableInvoker.java:103)\n\tat org.junit.jupiter.engine.execution.InterceptingExecutableInvoker.lambda$invoke$0(InterceptingExecutableInvoker.java:93)\n\tat org.junit.jupiter.engine.execution.InvocationInterceptorChain$InterceptedInvocation.proceed(InvocationInterceptorChain.java:106)\n\tat org.junit.jupiter.engine.extension.TimeoutExtension.intercept(TimeoutExtension.java:156)\n\tat org.junit.jupiter.engine.extension.TimeoutExtension.interceptTestableMethod(TimeoutExtension.java:147)\n\tat org.junit.jupiter.engine.extension.TimeoutExtension.interceptTestMethod(TimeoutExtension.java:86)\n\tat org.junit.jupiter.engine.execution.InterceptingExecutableInvoker$ReflectiveInterceptorCall.lambda$ofVoidMethod$0(InterceptingExecutableInvoker.java:103)\n\tat org.junit.jupiter.engine.execution.InterceptingExecutableInvoker.lambda$invoke$0(InterceptingExecutableInvoker.java:93)\n\tat org.junit.jupiter.engine.execution.InvocationInterceptorChain$InterceptedInvocation.proceed(InvocationInterceptorChain.java:106)\n\tat org.junit.jupiter.engine.execution.InvocationInterceptorChain.proceed(InvocationInterceptorChain.java:64)\n\tat org.junit.jupiter.engine.execution.InvocationInterceptorChain.chainAndInvoke(InvocationInterceptorChain.java:45)\n\tat org.junit.jupiter.engine.execution.InvocationInterceptorChain.invoke(InvocationInterceptorChain.java:37)\n\tat org.junit.jupiter.engine.execution.InterceptingExecutableInvoker.invoke(InterceptingExecutableInvoker.java:92)\n\tat org.junit.jupiter.engine.execution.InterceptingExecutableInvoker.invoke(InterceptingExecutableInvoker.java:86)\n\tat org.junit.jupiter.engine.descriptor.TestMethodTestDescriptor.lambda$invokeTestMethod$7(TestMethodTestDescriptor.java:217)\n\tat org.junit.platform.engine.support.hierarchical.ThrowableCollector.execute(ThrowableCollector.java:73)\n\tat org.junit.jupiter.engine.descriptor.TestMethodTestDescriptor.invokeTestMethod(TestMethodTestDescriptor.java:213)\n\tat org.junit.jupiter.engine.descriptor.TestMethodTestDescriptor.execute(TestMethodTestDescriptor.java:138)\n\tat org.junit.jupiter.engine.descriptor.TestMethodTestDescriptor.execute(TestMethodTestDescriptor.java:68)\n\tat org.junit.platform.engine.support.hierarchical.NodeTestTask.lambda$executeRecursively$6(NodeTestTask.java:151)\n\tat org.junit.platform.engine.support.hierarchical.ThrowableCollector.execute(ThrowableCollector.java:73)\n\tat org.junit.platform.engine.support.hierarchical.NodeTestTask.lambda$executeRecursively$8(NodeTestTask.java:141)\n\tat org.junit.platform.engine.support.hierarchical.Node.around(Node.java:137)\n\tat org.junit.platform.engine.support.hierarchical.NodeTestTask.lambda$executeRecursively$9(NodeTestTask.java:139)\n\tat org.junit.platform.engine.support.hierarchical.ThrowableCollector.execute(ThrowableCollector.java:73)\n\tat org.junit.platform.engine.support.hierarchical.NodeTestTask.executeRecursively(NodeTestTask.java:138)\n\tat org.junit.platform.engine.support.hierarchical.NodeTestTask.execute(NodeTestTask.java:95)\n\tat org.junit.platform.engine.support.hierarchical.ForkJoinPoolHierarchicalTestExecutorService$ExclusiveTask.compute(ForkJoinPoolHierarchicalTestExecutorService.java:202)\n\tat java.base/java.util.concurrent.RecursiveAction.exec(RecursiveAction.java:189)\n\tat java.base/java.util.concurrent.ForkJoinTask.doExec(ForkJoinTask.java:290)\n\tat java.base/java.util.concurrent.ForkJoinPool$WorkQueue.topLevelExec(ForkJoinPool.java:1020)\n\tat java.base/java.util.concurrent.ForkJoinPool.scan(ForkJoinPool.java:1656)\n\tat java.base/java.util.concurrent.ForkJoinPool.runWorker(ForkJoinPool.java:1594)\n\tat java.base/java.util.concurrent.ForkJoinWorkerThread.run(ForkJoinWorkerThread.java:183)\nCaused by: org.openqa.selenium.StaleElementReferenceException: stale element reference: stale element not found\n  (Session info: headless chrome=113.0.5672.63)\nFor documentation on this error, please visit: https://selenium.dev/exceptions/#stale_element_reference\nBuild info: version: '4.9.0', revision: 'd7057100a6'\nSystem info: os.name: 'Linux', os.arch: 'amd64', os.version: '5.15.0-1037-azure', java.version: '11.0.19'\nDriver info: org.openqa.selenium.chrome.ChromeDriver\nCommand: [c1dc0d12fa0036f048fa0f6744d6ae75, isElementDisplayed {id=6D5EBF5CC4E312F9207AB8C10E7A7A12_element_34}]\nCapabilities {acceptInsecureCerts: true, browserName: chrome, browserVersion: 113.0.5672.63, chrome: {chromedriverVersion: 113.0.5672.63 (0e1a4471d5ae..., userDataDir: /tmp/.com.google.Chrome.GFw43X}, goog:chromeOptions: {debuggerAddress: localhost:44393}, networkConnectionEnabled: false, pageLoadStrategy: eager, platformName: LINUX, proxy: Proxy(), se:cdp: ws://localhost:44393/devtoo..., se:cdpVersion: 113.0.5672.63, setWindowRect: true, strictFileInteractability: false, timeouts: {implicit: 0, pageLoad: 300000, script: 30000}, unhandledPromptBehavior: accept, webauthn:extension:credBlob: true, webauthn:extension:largeBlob: true, webauthn:extension:minPinLength: true, webauthn:extension:prf: true, webauthn:virtualAuthenticators: true}\nElement: [[ChromeDriver: chrome on LINUX (c1dc0d12fa0036f048fa0f6744d6ae75)] -> xpath: //a [@ href='/malomu-biznesu/raschetny-schet/']]\nSession ID: c1dc0d12fa0036f048fa0f6744d6ae75\n\tat java.base/jdk.internal.reflect.NativeConstructorAccessorImpl.newInstance0(Native Method)\n\tat java.base/jdk.internal.reflect.NativeConstructorAccessorImpl.newInstance(NativeConstructorAccessorImpl.java:62)\n\tat java.base/jdk.internal.reflect.DelegatingConstructorAccessorImpl.newInstance(DelegatingConstructorAccessorImpl.java:45)\n\tat java.base/java.lang.reflect.Constructor.newInstance(Constructor.java:490)\n\tat org.openqa.selenium.remote.codec.w3c.W3CHttpResponseCodec.createException(W3CHttpResponseCodec.java:200)\n\tat org.openqa.selenium.remote.codec.w3c.W3CHttpResponseCodec.decode(W3CHttpResponseCodec.java:133)\n\tat org.openqa.selenium.remote.codec.w3c.W3CHttpResponseCodec.decode(W3CHttpResponseCodec.java:53)\n\tat org.openqa.selenium.remote.HttpCommandExecutor.execute(HttpCommandExecutor.java:193)\n\tat org.openqa.selenium.remote.service.DriverCommandExecutor.invokeExecute(DriverCommandExecutor.java:183)\n\tat org.openqa.selenium.remote.service.DriverCommandExecutor.execute(DriverCommandExecutor.java:158)\n\tat org.openqa.selenium.remote.RemoteWebDriver.execute(RemoteWebDriver.java:543)\n\tat org.openqa.selenium.remote.RemoteWebElement.execute(RemoteWebElement.java:257)\n\tat org.openqa.selenium.remote.RemoteWebElement.isDisplayed(RemoteWebElement.java:313)\n\tat com.codeborne.selenide.conditions.Visible.check(Visible.java:21)\n\tat com.codeborne.selenide.impl.WebElementSource.checkConditionAndReturnElement(WebElementSource.java:111)\n\t... 51 more\n","steps":[{"name":"Открываем главную страницу","time":{"start":1685026474779,"stop":1685026484500,"duration":9721},"status":"passed","steps":[{"name":"$(\"open\") https://www.mtsbank.ru/","time":{"start":1685026474780,"stop":1685026484500,"duration":9720},"status":"passed","steps":[{"name":"$(\"webdriver\") create()","time":{"start":1685026474780,"stop":1685026477793,"duration":3013},"status":"passed","steps":[],"attachments":[],"parameters":[],"attachmentsCount":0,"shouldDisplayMessage":false,"hasContent":false,"stepsCount":0}],"attachments":[],"parameters":[],"attachmentsCount":0,"shouldDisplayMessage":false,"hasContent":true,"stepsCount":1}],"attachments":[],"parameters":[],"attachmentsCount":0,"shouldDisplayMessage":false,"hasContent":true,"stepsCount":2},{"name":"Переходим во вкладку \"Малый бизнес и ИП\"","time":{"start":1685026484500,"stop":1685026499358,"duration":14858},"status":"passed","steps":[{"name":"$(\"By.xpath: //a [@ href='/malomu-biznesu/']\") click()","time":{"start":1685026484500,"stop":1685026499358,"duration":14858},"status":"passed","steps":[],"attachments":[],"parameters":[],"attachmentsCount":0,"shouldDisplayMessage":false,"hasContent":false,"stepsCount":0}],"attachments":[],"parameters":[],"attachmentsCount":0,"shouldDisplayMessage":false,"hasContent":true,"stepsCount":1},{"name":"Переходим в раздел \"Расчётный счёт\"","time":{"start":1685026499358,"stop":1685026514791,"duration":15433},"status":"failed","statusMessage":"Element should be visible {By.xpath: //a [@ href='/malomu-biznesu/raschetny-schet/']}\nElement: 'Ups, failed to described the element [caused by: StaleElementReferenceException: stale element reference: stale element not found]'\nScreenshot: file:/home/runner/work/Final_work_Web/Final_work_Web/build/reports/tests/1685026509185.6.png\nPage source: file:/home/runner/work/Final_work_Web/Final_work_Web/build/reports/tests/1685026509185.6.html\nTimeout: 4 s.\nCaused by: StaleElementReferenceException: stale element reference: stale element not found","statusTrace":"Element should be visible {By.xpath: //a [@ href='/malomu-biznesu/raschetny-schet/']}\nElement: 'Ups, failed to described the element [caused by: StaleElementReferenceException: stale element reference: stale element not found]'\nScreenshot: file:/home/runner/work/Final_work_Web/Final_work_Web/build/reports/tests/1685026509185.6.png\nPage source: file:/home/runner/work/Final_work_Web/Final_work_Web/build/reports/tests/1685026509185.6.html\nTimeout: 4 s.\nCaused by: StaleElementReferenceException: stale element reference: stale element not found\n\tat com.codeborne.selenide.impl.WebElementSource.checkConditionAndReturnElement(WebElementSource.java:135)\n\tat com.codeborne.selenide.impl.WebElementSource.checkCondition(WebElementSource.java:98)\n\tat com.codeborne.selenide.commands.Should.execute(Should.java:30)\n\tat com.codeborne.selenide.commands.Should.execute(Should.java:14)\n\tat com.codeborne.selenide.commands.Commands.execute(Commands.java:155)\n\tat com.codeborne.selenide.impl.SelenideElementProxy.dispatchAndRetry(SelenideElementProxy.java:129)\n\tat com.codeborne.selenide.impl.SelenideElementProxy.invoke(SelenideElementProxy.java:81)\n\tat com.sun.proxy.$Proxy26.shouldBe(Unknown Source)\n\tat pages.desktop.BusinessPage.clickPaymentAccount(BusinessPage.java:14)\n\tat tests.desktop.FourTest.businessCreditFalseLongI(FourTest.java:172)\n\tat java.base/jdk.internal.reflect.NativeMethodAccessorImpl.invoke0(Native Method)\n\tat java.base/jdk.internal.reflect.NativeMethodAccessorImpl.invoke(NativeMethodAccessorImpl.java:62)\n\tat java.base/jdk.internal.reflect.DelegatingMethodAccessorImpl.invoke(DelegatingMethodAccessorImpl.java:43)\n\tat java.base/java.lang.reflect.Method.invoke(Method.java:566)\n\tat org.junit.platform.commons.util.ReflectionUtils.invokeMethod(ReflectionUtils.java:727)\n\tat org.junit.jupiter.engine.execution.MethodInvocation.proceed(MethodInvocation.java:60)\n\tat org.junit.jupiter.engine.execution.InvocationInterceptorChain$ValidatingInvocation.proceed(InvocationInterceptorChain.java:131)\n\tat org.junit.jupiter.api.extension.InvocationInterceptor.interceptTestMethod(InvocationInterceptor.java:118)\n\tat org.junit.jupiter.engine.execution.InterceptingExecutableInvoker$ReflectiveInterceptorCall.lambda$ofVoidMethod$0(InterceptingExecutableInvoker.java:103)\n\tat org.junit.jupiter.engine.execution.InterceptingExecutableInvoker.lambda$invoke$0(InterceptingExecutableInvoker.java:93)\n\tat org.junit.jupiter.engine.execution.InvocationInterceptorChain$InterceptedInvocation.proceed(InvocationInterceptorChain.java:106)\n\tat org.junit.jupiter.engine.extension.TimeoutExtension.intercept(TimeoutExtension.java:156)\n\tat org.junit.jupiter.engine.extension.TimeoutExtension.interceptTestableMethod(TimeoutExtension.java:147)\n\tat org.junit.jupiter.engine.extension.TimeoutExtension.interceptTestMethod(TimeoutExtension.java:86)\n\tat org.junit.jupiter.engine.execution.InterceptingExecutableInvoker$ReflectiveInterceptorCall.lambda$ofVoidMethod$0(InterceptingExecutableInvoker.java:103)\n\tat org.junit.jupiter.engine.execution.InterceptingExecutableInvoker.lambda$invoke$0(InterceptingExecutableInvoker.java:93)\n\tat org.junit.jupiter.engine.execution.InvocationInterceptorChain$InterceptedInvocation.proceed(InvocationInterceptorChain.java:106)\n\tat org.junit.jupiter.engine.execution.InvocationInterceptorChain.proceed(InvocationInterceptorChain.java:64)\n\tat org.junit.jupiter.engine.execution.InvocationInterceptorChain.chainAndInvoke(InvocationInterceptorChain.java:45)\n\tat org.junit.jupiter.engine.execution.InvocationInterceptorChain.invoke(InvocationInterceptorChain.java:37)\n\tat org.junit.jupiter.engine.execution.InterceptingExecutableInvoker.invoke(InterceptingExecutableInvoker.java:92)\n\tat org.junit.jupiter.engine.execution.InterceptingExecutableInvoker.invoke(InterceptingExecutableInvoker.java:86)\n\tat org.junit.jupiter.engine.descriptor.TestMethodTestDescriptor.lambda$invokeTestMethod$7(TestMethodTestDescriptor.java:217)\n\tat org.junit.platform.engine.support.hierarchical.ThrowableCollector.execute(ThrowableCollector.java:73)\n\tat org.junit.jupiter.engine.descriptor.TestMethodTestDescriptor.invokeTestMethod(TestMethodTestDescriptor.java:213)\n\tat org.junit.jupiter.engine.descriptor.TestMethodTestDescriptor.execute(TestMethodTestDescriptor.java:138)\n\tat org.junit.jupiter.engine.descriptor.TestMethodTestDescriptor.execute(TestMethodTestDescriptor.java:68)\n\tat org.junit.platform.engine.support.hierarchical.NodeTestTask.lambda$executeRecursively$6(NodeTestTask.java:151)\n\tat org.junit.platform.engine.support.hierarchical.ThrowableCollector.execute(ThrowableCollector.java:73)\n\tat org.junit.platform.engine.support.hierarchical.NodeTestTask.lambda$executeRecursively$8(NodeTestTask.java:141)\n\tat org.junit.platform.engine.support.hierarchical.Node.around(Node.java:137)\n\tat org.junit.platform.engine.support.hierarchical.NodeTestTask.lambda$executeRecursively$9(NodeTestTask.java:139)\n\tat org.junit.platform.engine.support.hierarchical.ThrowableCollector.execute(ThrowableCollector.java:73)\n\tat org.junit.platform.engine.support.hierarchical.NodeTestTask.executeRecursively(NodeTestTask.java:138)\n\tat org.junit.platform.engine.support.hierarchical.NodeTestTask.execute(NodeTestTask.java:95)\n\tat org.junit.platform.engine.support.hierarchical.ForkJoinPoolHierarchicalTestExecutorService$ExclusiveTask.compute(ForkJoinPoolHierarchicalTestExecutorService.java:202)\n\tat java.base/java.util.concurrent.RecursiveAction.exec(RecursiveAction.java:189)\n\tat java.base/java.util.concurrent.ForkJoinTask.doExec(ForkJoinTask.java:290)\n\tat java.base/java.util.concurrent.ForkJoinPool$WorkQueue.topLevelExec(ForkJoinPool.java:1020)\n\tat java.base/java.util.concurrent.ForkJoinPool.scan(ForkJoinPool.java:1656)\n\tat java.base/java.util.concurrent.ForkJoinPool.runWorker(ForkJoinPool.java:1594)\n\tat java.base/java.util.concurrent.ForkJoinWorkerThread.run(ForkJoinWorkerThread.java:183)\nCaused by: org.openqa.selenium.StaleElementReferenceException: stale element reference: stale element not found\n  (Session info: headless chrome=113.0.5672.63)\nFor documentation on this error, please visit: https://selenium.dev/exceptions/#stale_element_reference\nBuild info: version: '4.9.0', revision: 'd7057100a6'\nSystem info: os.name: 'Linux', os.arch: 'amd64', os.version: '5.15.0-1037-azure', java.version: '11.0.19'\nDriver info: org.openqa.selenium.chrome.ChromeDriver\nCommand: [c1dc0d12fa0036f048fa0f6744d6ae75, isElementDisplayed {id=6D5EBF5CC4E312F9207AB8C10E7A7A12_element_34}]\nCapabilities {acceptInsecureCerts: true, browserName: chrome, browserVersion: 113.0.5672.63, chrome: {chromedriverVersion: 113.0.5672.63 (0e1a4471d5ae..., userDataDir: /tmp/.com.google.Chrome.GFw43X}, goog:chromeOptions: {debuggerAddress: localhost:44393}, networkConnectionEnabled: false, pageLoadStrategy: eager, platformName: LINUX, proxy: Proxy(), se:cdp: ws://localhost:44393/devtoo..., se:cdpVersion: 113.0.5672.63, setWindowRect: true, strictFileInteractability: false, timeouts: {implicit: 0, pageLoad: 300000, script: 30000}, unhandledPromptBehavior: accept, webauthn:extension:credBlob: true, webauthn:extension:largeBlob: true, webauthn:extension:minPinLength: true, webauthn:extension:prf: true, webauthn:virtualAuthenticators: true}\nElement: [[ChromeDriver: chrome on LINUX (c1dc0d12fa0036f048fa0f6744d6ae75)] -> xpath: //a [@ href='/malomu-biznesu/raschetny-schet/']]\nSession ID: c1dc0d12fa0036f048fa0f6744d6ae75\n\tat java.base/jdk.internal.reflect.NativeConstructorAccessorImpl.newInstance0(Native Method)\n\tat java.base/jdk.internal.reflect.NativeConstructorAccessorImpl.newInstance(NativeConstructorAccessorImpl.java:62)\n\tat java.base/jdk.internal.reflect.DelegatingConstructorAccessorImpl.newInstance(DelegatingConstructorAccessorImpl.java:45)\n\tat java.base/java.lang.reflect.Constructor.newInstance(Constructor.java:490)\n\tat org.openqa.selenium.remote.codec.w3c.W3CHttpResponseCodec.createException(W3CHttpResponseCodec.java:200)\n\tat org.openqa.selenium.remote.codec.w3c.W3CHttpResponseCodec.decode(W3CHttpResponseCodec.java:133)\n\tat org.openqa.selenium.remote.codec.w3c.W3CHttpResponseCodec.decode(W3CHttpResponseCodec.java:53)\n\tat org.openqa.selenium.remote.HttpCommandExecutor.execute(HttpCommandExecutor.java:193)\n\tat org.openqa.selenium.remote.service.DriverCommandExecutor.invokeExecute(DriverCommandExecutor.java:183)\n\tat org.openqa.selenium.remote.service.DriverCommandExecutor.execute(DriverCommandExecutor.java:158)\n\tat org.openqa.selenium.remote.RemoteWebDriver.execute(RemoteWebDriver.java:543)\n\tat org.openqa.selenium.remote.RemoteWebElement.execute(RemoteWebElement.java:257)\n\tat org.openqa.selenium.remote.RemoteWebElement.isDisplayed(RemoteWebElement.java:313)\n\tat com.codeborne.selenide.conditions.Visible.check(Visible.java:21)\n\tat com.codeborne.selenide.impl.WebElementSource.checkConditionAndReturnElement(WebElementSource.java:111)\n\t... 51 more\n","steps":[{"name":"$(\"By.xpath: //a [@ href='/malomu-biznesu/raschetny-schet/']\") should be(visible)","time":{"start":1685026499358,"stop":1685026514790,"duration":15432},"status":"failed","statusMessage":"Element should be visible {By.xpath: //a [@ href='/malomu-biznesu/raschetny-schet/']}\nElement: 'Ups, failed to described the element [caused by: StaleElementReferenceException: stale element reference: stale element not found]'\nScreenshot: file:/home/runner/work/Final_work_Web/Final_work_Web/build/reports/tests/1685026509185.6.png\nPage source: file:/home/runner/work/Final_work_Web/Final_work_Web/build/reports/tests/1685026509185.6.html\nTimeout: 4 s.\nCaused by: StaleElementReferenceException: stale element reference: stale element not found","statusTrace":"Element should be visible {By.xpath: //a [@ href='/malomu-biznesu/raschetny-schet/']}\nElement: 'Ups, failed to described the element [caused by: StaleElementReferenceException: stale element reference: stale element not found]'\nScreenshot: file:/home/runner/work/Final_work_Web/Final_work_Web/build/reports/tests/1685026509185.6.png\nPage source: file:/home/runner/work/Final_work_Web/Final_work_Web/build/reports/tests/1685026509185.6.html\nTimeout: 4 s.\nCaused by: StaleElementReferenceException: stale element reference: stale element not found\n\tat com.codeborne.selenide.impl.WebElementSource.checkConditionAndReturnElement(WebElementSource.java:135)\n\tat com.codeborne.selenide.impl.WebElementSource.checkCondition(WebElementSource.java:98)\n\tat com.codeborne.selenide.commands.Should.execute(Should.java:30)\n\tat com.codeborne.selenide.commands.Should.execute(Should.java:14)\n\tat com.codeborne.selenide.commands.Commands.execute(Commands.java:155)\n\tat com.codeborne.selenide.impl.SelenideElementProxy.dispatchAndRetry(SelenideElementProxy.java:129)\n\tat com.codeborne.selenide.impl.SelenideElementProxy.invoke(SelenideElementProxy.java:81)\n\tat com.sun.proxy.$Proxy26.shouldBe(Unknown Source)\n\tat pages.desktop.BusinessPage.clickPaymentAccount(BusinessPage.java:14)\n\tat tests.desktop.FourTest.businessCreditFalseLongI(FourTest.java:172)\n\tat java.base/jdk.internal.reflect.NativeMethodAccessorImpl.invoke0(Native Method)\n\tat java.base/jdk.internal.reflect.NativeMethodAccessorImpl.invoke(NativeMethodAccessorImpl.java:62)\n\tat java.base/jdk.internal.reflect.DelegatingMethodAccessorImpl.invoke(DelegatingMethodAccessorImpl.java:43)\n\tat java.base/java.lang.reflect.Method.invoke(Method.java:566)\n\tat org.junit.platform.commons.util.ReflectionUtils.invokeMethod(ReflectionUtils.java:727)\n\tat org.junit.jupiter.engine.execution.MethodInvocation.proceed(MethodInvocation.java:60)\n\tat org.junit.jupiter.engine.execution.InvocationInterceptorChain$ValidatingInvocation.proceed(InvocationInterceptorChain.java:131)\n\tat org.junit.jupiter.api.extension.InvocationInterceptor.interceptTestMethod(InvocationInterceptor.java:118)\n\tat org.junit.jupiter.engine.execution.InterceptingExecutableInvoker$ReflectiveInterceptorCall.lambda$ofVoidMethod$0(InterceptingExecutableInvoker.java:103)\n\tat org.junit.jupiter.engine.execution.InterceptingExecutableInvoker.lambda$invoke$0(InterceptingExecutableInvoker.java:93)\n\tat org.junit.jupiter.engine.execution.InvocationInterceptorChain$InterceptedInvocation.proceed(InvocationInterceptorChain.java:106)\n\tat org.junit.jupiter.engine.extension.TimeoutExtension.intercept(TimeoutExtension.java:156)\n\tat org.junit.jupiter.engine.extension.TimeoutExtension.interceptTestableMethod(TimeoutExtension.java:147)\n\tat org.junit.jupiter.engine.extension.TimeoutExtension.interceptTestMethod(TimeoutExtension.java:86)\n\tat org.junit.jupiter.engine.execution.InterceptingExecutableInvoker$ReflectiveInterceptorCall.lambda$ofVoidMethod$0(InterceptingExecutableInvoker.java:103)\n\tat org.junit.jupiter.engine.execution.InterceptingExecutableInvoker.lambda$invoke$0(InterceptingExecutableInvoker.java:93)\n\tat org.junit.jupiter.engine.execution.InvocationInterceptorChain$InterceptedInvocation.proceed(InvocationInterceptorChain.java:106)\n\tat org.junit.jupiter.engine.execution.InvocationInterceptorChain.proceed(InvocationInterceptorChain.java:64)\n\tat org.junit.jupiter.engine.execution.InvocationInterceptorChain.chainAndInvoke(InvocationInterceptorChain.java:45)\n\tat org.junit.jupiter.engine.execution.InvocationInterceptorChain.invoke(InvocationInterceptorChain.java:37)\n\tat org.junit.jupiter.engine.execution.InterceptingExecutableInvoker.invoke(InterceptingExecutableInvoker.java:92)\n\tat org.junit.jupiter.engine.execution.InterceptingExecutableInvoker.invoke(InterceptingExecutableInvoker.java:86)\n\tat org.junit.jupiter.engine.descriptor.TestMethodTestDescriptor.lambda$invokeTestMethod$7(TestMethodTestDescriptor.java:217)\n\tat org.junit.platform.engine.support.hierarchical.ThrowableCollector.execute(ThrowableCollector.java:73)\n\tat org.junit.jupiter.engine.descriptor.TestMethodTestDescriptor.invokeTestMethod(TestMethodTestDescriptor.java:213)\n\tat org.junit.jupiter.engine.descriptor.TestMethodTestDescriptor.execute(TestMethodTestDescriptor.java:138)\n\tat org.junit.jupiter.engine.descriptor.TestMethodTestDescriptor.execute(TestMethodTestDescriptor.java:68)\n\tat org.junit.platform.engine.support.hierarchical.NodeTestTask.lambda$executeRecursively$6(NodeTestTask.java:151)\n\tat org.junit.platform.engine.support.hierarchical.ThrowableCollector.execute(ThrowableCollector.java:73)\n\tat org.junit.platform.engine.support.hierarchical.NodeTestTask.lambda$executeRecursively$8(NodeTestTask.java:141)\n\tat org.junit.platform.engine.support.hierarchical.Node.around(Node.java:137)\n\tat org.junit.platform.engine.support.hierarchical.NodeTestTask.lambda$executeRecursively$9(NodeTestTask.java:139)\n\tat org.junit.platform.engine.support.hierarchical.ThrowableCollector.execute(ThrowableCollector.java:73)\n\tat org.junit.platform.engine.support.hierarchical.NodeTestTask.executeRecursively(NodeTestTask.java:138)\n\tat org.junit.platform.engine.support.hierarchical.NodeTestTask.execute(NodeTestTask.java:95)\n\tat org.junit.platform.engine.support.hierarchical.ForkJoinPoolHierarchicalTestExecutorService$ExclusiveTask.compute(ForkJoinPoolHierarchicalTestExecutorService.java:202)\n\tat java.base/java.util.concurrent.RecursiveAction.exec(RecursiveAction.java:189)\n\tat java.base/java.util.concurrent.ForkJoinTask.doExec(ForkJoinTask.java:290)\n\tat java.base/java.util.concurrent.ForkJoinPool$WorkQueue.topLevelExec(ForkJoinPool.java:1020)\n\tat java.base/java.util.concurrent.ForkJoinPool.scan(ForkJoinPool.java:1656)\n\tat java.base/java.util.concurrent.ForkJoinPool.runWorker(ForkJoinPool.java:1594)\n\tat java.base/java.util.concurrent.ForkJoinWorkerThread.run(ForkJoinWorkerThread.java:183)\nCaused by: org.openqa.selenium.StaleElementReferenceException: stale element reference: stale element not found\n  (Session info: headless chrome=113.0.5672.63)\nFor documentation on this error, please visit: https://selenium.dev/exceptions/#stale_element_reference\nBuild info: version: '4.9.0', revision: 'd7057100a6'\nSystem info: os.name: 'Linux', os.arch: 'amd64', os.version: '5.15.0-1037-azure', java.version: '11.0.19'\nDriver info: org.openqa.selenium.chrome.ChromeDriver\nCommand: [c1dc0d12fa0036f048fa0f6744d6ae75, isElementDisplayed {id=6D5EBF5CC4E312F9207AB8C10E7A7A12_element_34}]\nCapabilities {acceptInsecureCerts: true, browserName: chrome, browserVersion: 113.0.5672.63, chrome: {chromedriverVersion: 113.0.5672.63 (0e1a4471d5ae..., userDataDir: /tmp/.com.google.Chrome.GFw43X}, goog:chromeOptions: {debuggerAddress: localhost:44393}, networkConnectionEnabled: false, pageLoadStrategy: eager, platformName: LINUX, proxy: Proxy(), se:cdp: ws://localhost:44393/devtoo..., se:cdpVersion: 113.0.5672.63, setWindowRect: true, strictFileInteractability: false, timeouts: {implicit: 0, pageLoad: 300000, script: 30000}, unhandledPromptBehavior: accept, webauthn:extension:credBlob: true, webauthn:extension:largeBlob: true, webauthn:extension:minPinLength: true, webauthn:extension:prf: true, webauthn:virtualAuthenticators: true}\nElement: [[ChromeDriver: chrome on LINUX (c1dc0d12fa0036f048fa0f6744d6ae75)] -> xpath: //a [@ href='/malomu-biznesu/raschetny-schet/']]\nSession ID: c1dc0d12fa0036f048fa0f6744d6ae75\n\tat java.base/jdk.internal.reflect.NativeConstructorAccessorImpl.newInstance0(Native Method)\n\tat java.base/jdk.internal.reflect.NativeConstructorAccessorImpl.newInstance(NativeConstructorAccessorImpl.java:62)\n\tat java.base/jdk.internal.reflect.DelegatingConstructorAccessorImpl.newInstance(DelegatingConstructorAccessorImpl.java:45)\n\tat java.base/java.lang.reflect.Constructor.newInstance(Constructor.java:490)\n\tat org.openqa.selenium.remote.codec.w3c.W3CHttpResponseCodec.createException(W3CHttpResponseCodec.java:200)\n\tat org.openqa.selenium.remote.codec.w3c.W3CHttpResponseCodec.decode(W3CHttpResponseCodec.java:133)\n\tat org.openqa.selenium.remote.codec.w3c.W3CHttpResponseCodec.decode(W3CHttpResponseCodec.java:53)\n\tat org.openqa.selenium.remote.HttpCommandExecutor.execute(HttpCommandExecutor.java:193)\n\tat org.openqa.selenium.remote.service.DriverCommandExecutor.invokeExecute(DriverCommandExecutor.java:183)\n\tat org.openqa.selenium.remote.service.DriverCommandExecutor.execute(DriverCommandExecutor.java:158)\n\tat org.openqa.selenium.remote.RemoteWebDriver.execute(RemoteWebDriver.java:543)\n\tat org.openqa.selenium.remote.RemoteWebElement.execute(RemoteWebElement.java:257)\n\tat org.openqa.selenium.remote.RemoteWebElement.isDisplayed(RemoteWebElement.java:313)\n\tat com.codeborne.selenide.conditions.Visible.check(Visible.java:21)\n\tat com.codeborne.selenide.impl.WebElementSource.checkConditionAndReturnElement(WebElementSource.java:111)\n\t... 51 more\n","steps":[],"attachments":[{"uid":"f5874d9cf25d947b","name":"Screenshot","source":"f5874d9cf25d947b.png","type":"image/png","size":290165},{"uid":"8f52a062f1390ff8","name":"Page source","source":"8f52a062f1390ff8.html","type":"text/html","size":438105}],"parameters":[],"attachmentsCount":2,"shouldDisplayMessage":true,"hasContent":true,"stepsCount":0}],"attachments":[],"parameters":[],"attachmentsCount":2,"shouldDisplayMessage":false,"hasContent":true,"stepsCount":1}],"attachments":[],"parameters":[],"attachmentsCount":2,"shouldDisplayMessage":false,"hasContent":true,"stepsCount":7},"afterStages":[{"name":"turnDownAndCleanConfiguration","time":{"start":1685026514791,"stop":1685026515127,"duration":336},"status":"passed","steps":[{"name":"$(\"clearCookies\") ","time":{"start":1685026514791,"stop":1685026514858,"duration":67},"status":"passed","steps":[],"attachments":[],"parameters":[],"attachmentsCount":0,"shouldDisplayMessage":false,"hasContent":false,"stepsCount":0},{"name":"$(\"webdriver\") close()","time":{"start":1685026514869,"stop":1685026515127,"duration":258},"status":"passed","steps":[],"attachments":[],"parameters":[],"attachmentsCount":0,"shouldDisplayMessage":false,"hasContent":false,"stepsCount":0}],"attachments":[],"parameters":[],"attachmentsCount":0,"shouldDisplayMessage":false,"hasContent":true,"stepsCount":2}],"labels":[{"name":"junit.platform.uniqueid","value":"[engine:junit-jupiter]/[class:tests.desktop.FourTest]/[method:businessCreditFalseLongI()]"},{"name":"host","value":"fv-az439-617"},{"name":"thread","value":"3046@fv-az439-617.ForkJoinPool-1-worker-9(52)"},{"name":"framework","value":"junit-platform"},{"name":"language","value":"java"},{"name":"package","value":"tests.desktop.FourTest"},{"name":"testClass","value":"tests.desktop.FourTest"},{"name":"testMethod","value":"businessCreditFalseLongI"},{"name":"suite","value":"Поверка сценария: оформление расчётного счета для малого бизнеса"},{"name":"resultFormat","value":"allure2"}],"parameters":[],"links":[],"hidden":false,"retry":false,"extra":{"severity":"normal","retries":[],"categories":[{"name":"Product defects","matchedStatuses":[],"flaky":false}],"tags":[]},"source":"35b42a34d456e1ab.json","parameterValues":[]}